2026-07-12 11:51:49,205 - __main__ - INFO - Loaded config from master_config.yaml
2026-07-12 11:51:49,239 - __main__ - INFO - Using device: cuda
2026-07-12 11:51:49,243 - __main__ - INFO - Loading dataset...
2026-07-12 11:51:49,271 - __main__ - INFO - Train: 3919, Val: 840
2026-07-12 11:51:49,271 - __main__ - INFO - Creating model: swin_tiny_patch4_window7_224
2026-07-12 11:51:49,703 - timm.models._builder - INFO - Loading pretrained weights from Hugging Face hub (timm/swin_tiny_patch4_window7_224.ms_in1k)
2026-07-12 11:51:49,993 - httpx - INFO - HTTP Request: GET https://huggingface.co/api/agent-harnesses "HTTP/1.1 200 OK"
2026-07-12 11:51:50,240 - httpx - INFO - HTTP Request: HEAD https://huggingface.co/timm/swin_tiny_patch4_window7_224.ms_in1k/resolve/main/model.safetensors "HTTP/1.1 302 Found"
2026-07-12 11:51:50,241 - huggingface_hub.utils._http - WARNING - Warning: You are sending unauthenticated requests to the HF Hub. Please set a HF_TOKEN to enable higher rate limits and faster downloads.
2026-07-12 11:51:52,807 - timm.models._hub - INFO - [timm/swin_tiny_patch4_window7_224.ms_in1k] Safe alternative available for 'pytorch_model.bin' (as 'model.safetensors'). Loading weights using safetensors.
2026-07-12 11:51:52,846 - timm.models._builder - INFO - Missing keys (head.fc.weight, head.fc.bias) discovered while loading pretrained weights. This is expected if model is being adapted.
2026-07-12 11:51:53,156 - __main__ - INFO - Model parameters: 27,522,430 (trainable: 27,522,430)
2026-07-12 11:51:53,158 - __main__ - INFO - Starting training loop...
2026-07-12 11:51:53,158 - src.training - INFO - Starting training for 30 epochs
2026-07-12 11:53:13,537 - src.training - INFO - Epoch 1/30 | Train Loss: 0.3474, Acc: 0.8791 | Val Loss: 0.4033, Acc: 0.8845 | LR: 3.00e-05
2026-07-12 11:53:14,154 - src.training - INFO - Saved checkpoint: thesis_pipeline/outputs/model_results/checkpoints/best_model.pt
2026-07-12 11:53:17,323 - src.training - INFO - Saved checkpoint: thesis_pipeline/outputs/model_results/checkpoints/checkpoint_epoch_001.pt
2026-07-12 11:54:42,496 - src.training - INFO - Epoch 2/30 | Train Loss: 0.1399, Acc: 0.9538 | Val Loss: 0.1115, Acc: 0.9655 | LR: 2.99e-05
2026-07-12 11:54:43,263 - src.training - INFO - Saved checkpoint: thesis_pipeline/outputs/model_results/checkpoints/best_model.pt
2026-07-12 11:54:49,574 - src.training - INFO - Saved checkpoint: thesis_pipeline/outputs/model_results/checkpoints/checkpoint_epoch_002.pt
2026-07-12 11:56:14,442 - src.training - INFO - Epoch 3/30 | Train Loss: 0.0719, Acc: 0.9781 | Val Loss: 0.1174, Acc: 0.9774 | LR: 2.97e-05
2026-07-12 11:56:15,118 - src.training - INFO - Saved checkpoint: thesis_pipeline/outputs/model_results/checkpoints/best_model.pt
2026-07-12 11:56:17,938 - src.training - INFO - Saved checkpoint: thesis_pipeline/outputs/model_results/checkpoints/checkpoint_epoch_003.pt
2026-07-12 11:57:42,553 - src.training - INFO - Epoch 4/30 | Train Loss: 0.0444, Acc: 0.9872 | Val Loss: 0.1950, Acc: 0.9655 | LR: 2.93e-05
2026-07-12 11:57:43,171 - src.training - INFO - Saved checkpoint: thesis_pipeline/outputs/model_results/checkpoints/checkpoint_epoch_004.pt
2026-07-12 11:59:08,562 - src.training - INFO - Epoch 5/30 | Train Loss: 0.0434, Acc: 0.9872 | Val Loss: 0.1245, Acc: 0.9810 | LR: 2.87e-05
2026-07-12 11:59:09,458 - src.training - INFO - Saved checkpoint: thesis_pipeline/outputs/model_results/checkpoints/best_model.pt
2026-07-12 11:59:10,626 - src.training - INFO - Saved checkpoint: thesis_pipeline/outputs/model_results/checkpoints/checkpoint_epoch_005.pt
2026-07-12 12:00:36,318 - src.training - INFO - Epoch 6/30 | Train Loss: 0.0405, Acc: 0.9903 | Val Loss: 0.1266, Acc: 0.9833 | LR: 2.80e-05
2026-07-12 12:00:37,222 - src.training - INFO - Saved checkpoint: thesis_pipeline/outputs/model_results/checkpoints/best_model.pt
2026-07-12 12:00:40,053 - src.training - INFO - Saved checkpoint: thesis_pipeline/outputs/model_results/checkpoints/checkpoint_epoch_006.pt
2026-07-12 12:02:05,178 - src.training - INFO - Epoch 7/30 | Train Loss: 0.0404, Acc: 0.9908 | Val Loss: 0.1528, Acc: 0.9845 | LR: 2.71e-05
2026-07-12 12:02:05,890 - src.training - INFO - Saved checkpoint: thesis_pipeline/outputs/model_results/checkpoints/best_model.pt
2026-07-12 12:02:07,229 - src.training - INFO - Saved checkpoint: thesis_pipeline/outputs/model_results/checkpoints/checkpoint_epoch_007.pt
2026-07-12 12:03:32,121 - src.training - INFO - Epoch 8/30 | Train Loss: 0.0141, Acc: 0.9946 | Val Loss: 0.1507, Acc: 0.9833 | LR: 2.61e-05
2026-07-12 12:03:32,746 - src.training - INFO - Saved checkpoint: thesis_pipeline/outputs/model_results/checkpoints/checkpoint_epoch_008.pt
2026-07-12 12:04:57,164 - src.training - INFO - Epoch 9/30 | Train Loss: 0.0260, Acc: 0.9944 | Val Loss: 0.1686, Acc: 0.9798 | LR: 2.50e-05
2026-07-12 12:04:57,789 - src.training - INFO - Saved checkpoint: thesis_pipeline/outputs/model_results/checkpoints/checkpoint_epoch_009.pt
2026-07-12 12:06:23,823 - src.training - INFO - Epoch 10/30 | Train Loss: 0.0204, Acc: 0.9954 | Val Loss: 0.1271, Acc: 0.9845 | LR: 2.38e-05
2026-07-12 12:06:24,474 - src.training - INFO - Saved checkpoint: thesis_pipeline/outputs/model_results/checkpoints/checkpoint_epoch_010.pt
2026-07-12 12:07:49,219 - src.training - INFO - Epoch 11/30 | Train Loss: 0.0161, Acc: 0.9957 | Val Loss: 0.0971, Acc: 0.9869 | LR: 2.25e-05
2026-07-12 12:07:49,922 - src.training - INFO - Saved checkpoint: thesis_pipeline/outputs/model_results/checkpoints/best_model.pt
2026-07-12 12:07:52,964 - src.training - INFO - Saved checkpoint: thesis_pipeline/outputs/model_results/checkpoints/checkpoint_epoch_011.pt
2026-07-12 12:09:17,263 - src.training - INFO - Epoch 12/30 | Train Loss: 0.0119, Acc: 0.9980 | Val Loss: 0.0763, Acc: 0.9881 | LR: 2.11e-05
2026-07-12 12:09:18,210 - src.training - INFO - Saved checkpoint: thesis_pipeline/outputs/model_results/checkpoints/best_model.pt
2026-07-12 12:09:21,010 - src.training - INFO - Saved checkpoint: thesis_pipeline/outputs/model_results/checkpoints/checkpoint_epoch_012.pt
2026-07-12 12:10:46,294 - src.training - INFO - Epoch 13/30 | Train Loss: 0.0150, Acc: 0.9969 | Val Loss: 0.0668, Acc: 0.9881 | LR: 1.96e-05
2026-07-12 12:10:53,050 - src.training - INFO - Saved checkpoint: thesis_pipeline/outputs/model_results/checkpoints/checkpoint_epoch_013.pt
2026-07-12 12:12:17,840 - src.training - INFO - Epoch 14/30 | Train Loss: 0.0098, Acc: 0.9982 | Val Loss: 0.0782, Acc: 0.9893 | LR: 1.81e-05
2026-07-12 12:12:25,516 - src.training - INFO - Saved checkpoint: thesis_pipeline/outputs/model_results/checkpoints/best_model.pt
2026-07-12 12:12:26,745 - src.training - INFO - Saved checkpoint: thesis_pipeline/outputs/model_results/checkpoints/checkpoint_epoch_014.pt
2026-07-12 12:13:51,722 - src.training - INFO - Epoch 15/30 | Train Loss: 0.0054, Acc: 0.9985 | Val Loss: 0.1069, Acc: 0.9881 | LR: 1.66e-05
2026-07-12 12:13:52,585 - src.training - INFO - Saved checkpoint: thesis_pipeline/outputs/model_results/checkpoints/checkpoint_epoch_015.pt
2026-07-12 12:15:17,411 - src.training - INFO - Epoch 16/30 | Train Loss: 0.0064, Acc: 0.9982 | Val Loss: 0.1303, Acc: 0.9893 | LR: 1.50e-05
2026-07-12 12:15:18,277 - src.training - INFO - Saved checkpoint: thesis_pipeline/outputs/model_results/checkpoints/checkpoint_epoch_016.pt
2026-07-12 12:16:42,900 - src.training - INFO - Epoch 17/30 | Train Loss: 0.0028, Acc: 0.9990 | Val Loss: 0.1235, Acc: 0.9869 | LR: 1.34e-05
2026-07-12 12:16:43,790 - src.training - INFO - Saved checkpoint: thesis_pipeline/outputs/model_results/checkpoints/checkpoint_epoch_017.pt
2026-07-12 12:18:08,135 - src.training - INFO - Epoch 18/30 | Train Loss: 0.0034, Acc: 0.9990 | Val Loss: 0.0861, Acc: 0.9917 | LR: 1.19e-05
2026-07-12 12:18:09,060 - src.training - INFO - Saved checkpoint: thesis_pipeline/outputs/model_results/checkpoints/best_model.pt
2026-07-12 12:18:10,383 - src.training - INFO - Saved checkpoint: thesis_pipeline/outputs/model_results/checkpoints/checkpoint_epoch_018.pt
2026-07-12 12:19:34,730 - src.training - INFO - Epoch 19/30 | Train Loss: 0.0021, Acc: 0.9992 | Val Loss: 0.0918, Acc: 0.9917 | LR: 1.04e-05
2026-07-12 12:19:35,726 - src.training - INFO - Saved checkpoint: thesis_pipeline/outputs/model_results/checkpoints/checkpoint_epoch_019.pt
2026-07-12 12:21:00,473 - src.training - INFO - Epoch 20/30 | Train Loss: 0.0049, Acc: 0.9992 | Val Loss: 0.0927, Acc: 0.9881 | LR: 8.90e-06
2026-07-12 12:21:08,343 - src.training - INFO - Saved checkpoint: thesis_pipeline/outputs/model_results/checkpoints/checkpoint_epoch_020.pt
2026-07-12 12:22:33,253 - src.training - INFO - Epoch 21/30 | Train Loss: 0.0002, Acc: 1.0000 | Val Loss: 0.0992, Acc: 0.9905 | LR: 7.50e-06
2026-07-12 12:22:34,373 - src.training - INFO - Saved checkpoint: thesis_pipeline/outputs/model_results/checkpoints/checkpoint_epoch_021.pt
2026-07-12 12:23:59,608 - src.training - INFO - Epoch 22/30 | Train Loss: 0.0003, Acc: 0.9997 | Val Loss: 0.0863, Acc: 0.9893 | LR: 6.18e-06
2026-07-12 12:24:06,504 - src.training - INFO - Saved checkpoint: thesis_pipeline/outputs/model_results/checkpoints/checkpoint_epoch_022.pt
2026-07-12 12:25:31,616 - src.training - INFO - Epoch 23/30 | Train Loss: 0.0024, Acc: 0.9995 | Val Loss: 0.0835, Acc: 0.9917 | LR: 4.96e-06
2026-07-12 12:25:32,495 - src.training - INFO - Saved checkpoint: thesis_pipeline/outputs/model_results/checkpoints/checkpoint_epoch_023.pt
2026-07-12 12:25:32,496 - src.training - INFO - Early stopping at epoch 23 (patience exceeded)
2026-07-12 12:25:32,496 - src.training - INFO - Training complete. Best val acc: 0.9917 at epoch 18
2026-07-12 12:25:32,497 - __main__ - INFO - Training complete! Generating training history visualization...
2026-07-12 12:25:33,170 - src.evaluation - INFO - Saved training history to thesis_pipeline/outputs/model_results/training_history.png
2026-07-12 12:25:33,171 - __main__ - INFO - Saved training history plot. You can now run Step 4 (Testing).
